<?xml version="1.0" encoding="UTF-8"?>
<testng-results ignored="0" total="2" passed="2" failed="0" skipped="0">
  <reporter-output>
  </reporter-output>
  <suite started-at="2022-01-01T20:53:09 IST" name="Suite" finished-at="2022-01-01T20:53:50 IST" duration-ms="40934">
    <groups>
    </groups>
    <test started-at="2022-01-01T20:53:09 IST" name="Test" finished-at="2022-01-01T20:53:50 IST" duration-ms="40934">
      <class name="testcases.LoginTC_01">
        <test-method signature="login()[pri:0, instance:testcases.LoginTC_01@53aad5d5]" started-at="2022-01-01T20:53:10 IST" name="login" finished-at="2022-01-01T20:53:20 IST" duration-ms="10583" status="PASS">
          <reporter-output>
          </reporter-output>
        </test-method> <!-- login -->
      </class> <!-- testcases.LoginTC_01 -->
      <class name="testcases.RegisterTC_02">
        <test-method signature="register()[pri:0, instance:testcases.RegisterTC_02@3541cb24]" started-at="2022-01-01T20:53:20 IST" name="register" finished-at="2022-01-01T20:53:50 IST" duration-ms="30313" status="PASS">
          <reporter-output>
          </reporter-output>
        </test-method> <!-- register -->
      </class> <!-- testcases.RegisterTC_02 -->
    </test> <!-- Test -->
  </suite> <!-- Suite -->
</testng-results>
