<?xml version="1.0" encoding="UTF-8"?>
<testng-results ignored="0" total="1" passed="1" failed="0" skipped="0">
  <reporter-output>
  </reporter-output>
  <suite started-at="2021-11-20T11:04:45 IST" name="Default suite" finished-at="2021-11-20T11:05:09 IST" duration-ms="23923">
    <groups>
    </groups>
    <test started-at="2021-11-20T11:04:45 IST" name="Default test" finished-at="2021-11-20T11:05:09 IST" duration-ms="23923">
      <class name="testcases.RegisterTC_02">
        <test-method signature="register()[pri:0, instance:testcases.RegisterTC_02@2f7c2f4f]" started-at="2021-11-20T11:04:45 IST" name="register" finished-at="2021-11-20T11:05:09 IST" duration-ms="23869" status="PASS">
          <reporter-output>
          </reporter-output>
        </test-method> <!-- register -->
      </class> <!-- testcases.RegisterTC_02 -->
    </test> <!-- Default test -->
  </suite> <!-- Default suite -->
</testng-results>
